2023-05-14 18:05:41 INFO  LoginPage :50 - Enter username  : [[ChromeDriver: chrome on WINDOWS (ae2cb74ad576433e3a6bc55809819ad1)] -> id: user-name]
2023-05-14 18:05:128 INFO  LoginPage :59 - Enter password to : [[ChromeDriver: chrome on WINDOWS (ae2cb74ad576433e3a6bc55809819ad1)] -> id: password]
2023-05-14 18:05:230 INFO  LoginPage :66 - Clicking on login button : [[ChromeDriver: chrome on WINDOWS (ae2cb74ad576433e3a6bc55809819ad1)] -> xpath: //input[@id='login-button']]
2023-05-14 18:05:929 INFO  LoginPage :49 - Enter username  : [[ChromeDriver: chrome on WINDOWS (730da837749a60612d9af77d1b507e6f)] -> id: user-name]
2023-05-14 18:05:08 INFO  LoginPage :58 - Enter password to : [[ChromeDriver: chrome on WINDOWS (730da837749a60612d9af77d1b507e6f)] -> id: password]
2023-05-14 18:05:99 INFO  LoginPage :65 - Clicking on login button : [[ChromeDriver: chrome on WINDOWS (730da837749a60612d9af77d1b507e6f)] -> xpath: //input[@id='login-button']]
2023-05-14 18:05:194 INFO  LoginPage :42 - Get text from : Proxy element for: DefaultElementLocator 'By.xpath: //span[@class='title']'
2023-05-14 18:05:56 INFO  LoginPage :49 - Enter username  : [[ChromeDriver: chrome on WINDOWS (8e1f6c4ed0aa2e9882328e6632813682)] -> id: user-name]
2023-05-14 18:05:150 INFO  LoginPage :58 - Enter password to : [[ChromeDriver: chrome on WINDOWS (8e1f6c4ed0aa2e9882328e6632813682)] -> id: password]
2023-05-14 18:05:230 INFO  LoginPage :65 - Clicking on login button : [[ChromeDriver: chrome on WINDOWS (8e1f6c4ed0aa2e9882328e6632813682)] -> xpath: //input[@id='login-button']]
2023-05-14 18:05:370 INFO  LoginPage :42 - Get text from : Proxy element for: DefaultElementLocator 'By.xpath: //span[@class='title']'
2023-05-14 18:05:544 INFO  LoginPage :49 - Enter username  : [[ChromeDriver: chrome on WINDOWS (628f536ef8322a028da74fb35c06b192)] -> id: user-name]
2023-05-14 18:05:661 INFO  LoginPage :58 - Enter password to : [[ChromeDriver: chrome on WINDOWS (628f536ef8322a028da74fb35c06b192)] -> id: password]
2023-05-14 18:05:817 INFO  LoginPage :65 - Clicking on login button : [[ChromeDriver: chrome on WINDOWS (628f536ef8322a028da74fb35c06b192)] -> xpath: //input[@id='login-button']]
2023-05-14 18:05:865 INFO  LoginPage :71 - Count products : [[[ChromeDriver: chrome on WINDOWS (628f536ef8322a028da74fb35c06b192)] -> xpath: //div[@class ='inventory_item']], [[ChromeDriver: chrome on WINDOWS (628f536ef8322a028da74fb35c06b192)] -> xpath: //div[@class ='inventory_item']], [[ChromeDriver: chrome on WINDOWS (628f536ef8322a028da74fb35c06b192)] -> xpath: //div[@class ='inventory_item']], [[ChromeDriver: chrome on WINDOWS (628f536ef8322a028da74fb35c06b192)] -> xpath: //div[@class ='inventory_item']], [[ChromeDriver: chrome on WINDOWS (628f536ef8322a028da74fb35c06b192)] -> xpath: //div[@class ='inventory_item']], [[ChromeDriver: chrome on WINDOWS (628f536ef8322a028da74fb35c06b192)] -> xpath: //div[@class ='inventory_item']]]
2023-05-14 18:05:453 INFO  LoginPage :49 - Enter username  : [[ChromeDriver: chrome on WINDOWS (0a65c04b9649104614250ad6ea69d32c)] -> id: user-name]
2023-05-14 18:05:546 INFO  LoginPage :58 - Enter password to : [[ChromeDriver: chrome on WINDOWS (0a65c04b9649104614250ad6ea69d32c)] -> id: password]
2023-05-14 18:05:696 INFO  LoginPage :65 - Clicking on login button : [[ChromeDriver: chrome on WINDOWS (0a65c04b9649104614250ad6ea69d32c)] -> xpath: //input[@id='login-button']]
2023-05-14 18:05:739 INFO  LoginPage :42 - Get text from : [[ChromeDriver: chrome on WINDOWS (0a65c04b9649104614250ad6ea69d32c)] -> xpath: //span[@class='title']]
2023-05-14 18:05:889 INFO  LoginPage :49 - Enter username  : [[ChromeDriver: chrome on WINDOWS (b369e567412dce95ef997002223c2d86)] -> id: user-name]
2023-05-14 18:05:977 INFO  LoginPage :58 - Enter password to : [[ChromeDriver: chrome on WINDOWS (b369e567412dce95ef997002223c2d86)] -> id: password]
2023-05-14 18:05:132 INFO  LoginPage :65 - Clicking on login button : [[ChromeDriver: chrome on WINDOWS (b369e567412dce95ef997002223c2d86)] -> xpath: //input[@id='login-button']]
2023-05-14 18:05:171 INFO  LoginPage :42 - Get text from : [[ChromeDriver: chrome on WINDOWS (b369e567412dce95ef997002223c2d86)] -> xpath: //span[@class='title']]
2023-05-14 18:05:812 INFO  LoginPage :49 - Enter username  : [[ChromeDriver: chrome on WINDOWS (410280849803f302d4ec28faaa854d05)] -> id: user-name]
2023-05-14 18:05:956 INFO  LoginPage :58 - Enter password to : [[ChromeDriver: chrome on WINDOWS (410280849803f302d4ec28faaa854d05)] -> id: password]
2023-05-14 18:05:78 INFO  LoginPage :65 - Clicking on login button : [[ChromeDriver: chrome on WINDOWS (410280849803f302d4ec28faaa854d05)] -> xpath: //input[@id='login-button']]
2023-05-14 18:05:116 INFO  LoginPage :71 - Count products : [[[ChromeDriver: chrome on WINDOWS (410280849803f302d4ec28faaa854d05)] -> xpath: //div[@class ='inventory_item']], [[ChromeDriver: chrome on WINDOWS (410280849803f302d4ec28faaa854d05)] -> xpath: //div[@class ='inventory_item']], [[ChromeDriver: chrome on WINDOWS (410280849803f302d4ec28faaa854d05)] -> xpath: //div[@class ='inventory_item']], [[ChromeDriver: chrome on WINDOWS (410280849803f302d4ec28faaa854d05)] -> xpath: //div[@class ='inventory_item']], [[ChromeDriver: chrome on WINDOWS (410280849803f302d4ec28faaa854d05)] -> xpath: //div[@class ='inventory_item']], [[ChromeDriver: chrome on WINDOWS (410280849803f302d4ec28faaa854d05)] -> xpath: //div[@class ='inventory_item']]]
